<?xml version="1.0" encoding="UTF-8"?>
<!-- Generated by org.testng.reporters.JUnitReportReporter -->
<testsuite name="ois.testSuite.DummyPrakash" tests="1" time="4.232" ignored="0" failures="0" timestamp="07 Feb 2018 06:22:37 GMT" skipped="0" hostname="BAN-PATILSUW10" errors="0">
  <testcase name="test" time="4.232" classname="ois.testSuite.DummyPrakash"/>
</testsuite> <!-- ois.testSuite.DummyPrakash -->
