<?xml version="1.0" encoding="UTF-8"?>
<!-- Generated by org.testng.reporters.JUnitReportReporter -->
<testsuite name="restAPITestCases01.PostRevenueValidatePremium" tests="8" time="10.355" ignored="2" failures="0" timestamp="02 Feb 2018 04:13:33 GMT" skipped="0" hostname="BAN-PATILSUW10" errors="0">
  <testcase name="labelStockAndPremType01" time="1.029" classname="restAPITestCases01.PostRevenueValidatePremium"/>
  <testcase name="labelStockAndPremType02" time="1.145" classname="restAPITestCases01.PostRevenueValidatePremium"/>
  <testcase name="premiumlabelStockAndHandlingCodeMisMatch" time="1.076" classname="restAPITestCases01.PostRevenueValidatePremium"/>
  <testcase name="premiumTypePhyOrMagIssue" time="1.033" classname="restAPITestCases01.PostRevenueValidatePremium"/>
  <testcase name="aamValueTypeMisMatch" time="1.127" classname="restAPITestCases01.PostRevenueValidatePremium"/>
  <testcase name="premObligationNotExist" time="2.716" classname="restAPITestCases01.PostRevenueValidatePremium"/>
  <testcase name="premiumTypeNotEqualToVirtual" time="1.203" classname="restAPITestCases01.PostRevenueValidatePremium"/>
  <testcase name="premObligationNotExistnn" time="1.026" classname="restAPITestCases01.PostRevenueValidatePremium"/>
  <testcase name="tearDown" classname="driver.ApiDriver">
    <skipped/>
  </testcase> <!-- tearDown -->
  <testcase name="startUp" classname="driver.ApiDriver">
    <skipped/>
  </testcase> <!-- startUp -->
</testsuite> <!-- restAPITestCases01.PostRevenueValidatePremium -->
