<?xml version="1.0" encoding="UTF-8"?>
<!-- Generated by org.testng.reporters.JUnitReportReporter -->
<testsuite name="ois.testSuite.OISOblGetObligations" tests="1" time="2.115" ignored="9" failures="0" timestamp="23 Feb 2018 04:41:31 GMT" skipped="0" hostname="BAN-PATILSUW10" errors="0">
  <testcase name="obl_getObligations02" time="2.115" classname="ois.testSuite.OISOblGetObligations"/>
  <testcase name="tearDown" classname="driver.ApiDriver">
    <skipped/>
  </testcase> <!-- tearDown -->
  <testcase name="tearDown" classname="driver.ApiDriver">
    <skipped/>
  </testcase> <!-- tearDown -->
  <testcase name="logForTestGroups" classname="driver.ApiDriver">
    <skipped/>
  </testcase> <!-- logForTestGroups -->
  <testcase name="logForTestGroups" classname="driver.ApiDriver">
    <skipped/>
  </testcase> <!-- logForTestGroups -->
  <testcase name="startUp" classname="driver.ApiDriver">
    <skipped/>
  </testcase> <!-- startUp -->
  <testcase name="startUp" classname="driver.ApiDriver">
    <skipped/>
  </testcase> <!-- startUp -->
  <testcase name="logForTestGroupsBeforeExecution" classname="driver.ApiDriver">
    <skipped/>
  </testcase> <!-- logForTestGroupsBeforeExecution -->
  <testcase name="logForTestGroupsBeforeExecution" classname="driver.ApiDriver">
    <skipped/>
  </testcase> <!-- logForTestGroupsBeforeExecution -->
  <testcase name="obl_getObligations01" classname="ois.testSuite.OISOblGetObligations">
    <skipped/>
  </testcase> <!-- obl_getObligations01 -->
</testsuite> <!-- ois.testSuite.OISOblGetObligations -->
