<?xml version="1.0" encoding="UTF-8"?>
<!-- Generated by org.testng.reporters.JUnitReportReporter -->
<testsuite name="restAPITestCases01.OISDummy" tests="2" time="2.506" ignored="4" failures="0" timestamp="05 Feb 2018 08:55:06 GMT" skipped="0" hostname="BAN-PATILSUW10" errors="0">
  <testcase name="premObligationNotExistDummy" time="1.215" classname="restAPITestCases01.OISDummy"/>
  <testcase name="premObligationNotExistDummy" time="1.291" classname="restAPITestCases01.OISDummy"/>
  <testcase name="tearDown" classname="driver.ApiDriver">
    <skipped/>
  </testcase> <!-- tearDown -->
  <testcase name="tearDown" classname="driver.ApiDriver">
    <skipped/>
  </testcase> <!-- tearDown -->
  <testcase name="startUp" classname="driver.ApiDriver">
    <skipped/>
  </testcase> <!-- startUp -->
  <testcase name="startUp" classname="driver.ApiDriver">
    <skipped/>
  </testcase> <!-- startUp -->
</testsuite> <!-- restAPITestCases01.OISDummy -->
