<?xml version="1.0" encoding="UTF-8"?>
<!-- Generated by org.testng.reporters.JUnitReportReporter -->
<testsuite name="restAPITestCases01.OISPostRevValidatePrem" tests="8" time="12.618" ignored="4" failures="0" timestamp="05 Feb 2018 08:55:06 GMT" skipped="0" hostname="BAN-PATILSUW10" errors="0">
  <testcase name="premObligationNotExist" time="3.879" classname="restAPITestCases01.OISPostRevValidatePrem"/>
  <testcase name="premObligationNotExistnn" time="1.181" classname="restAPITestCases01.OISPostRevValidatePrem"/>
  <testcase name="labelStockAndPremType01" time="1.282" classname="restAPITestCases01.OISPostRevValidatePrem"/>
  <testcase name="labelStockAndPremType01" time="1.176" classname="restAPITestCases01.OISPostRevValidatePrem"/>
  <testcase name="premObligationNotExistnn" time="1.228" classname="restAPITestCases01.OISPostRevValidatePrem"/>
  <testcase name="premObligationNotExist" time="1.157" classname="restAPITestCases01.OISPostRevValidatePrem"/>
  <testcase name="aamValueTypeMisMatch" time="1.334" classname="restAPITestCases01.OISPostRevValidatePrem"/>
  <testcase name="aamValueTypeMisMatch" time="1.381" classname="restAPITestCases01.OISPostRevValidatePrem"/>
  <testcase name="tearDown" classname="driver.ApiDriver">
    <skipped/>
  </testcase> <!-- tearDown -->
  <testcase name="tearDown" classname="driver.ApiDriver">
    <skipped/>
  </testcase> <!-- tearDown -->
  <testcase name="startUp" classname="driver.ApiDriver">
    <skipped/>
  </testcase> <!-- startUp -->
  <testcase name="startUp" classname="driver.ApiDriver">
    <skipped/>
  </testcase> <!-- startUp -->
</testsuite> <!-- restAPITestCases01.OISPostRevValidatePrem -->
