<?xml version="1.0" encoding="UTF-8"?>
<!-- Generated by org.testng.reporters.JUnitReportReporter -->
<testsuite name="ois.testSuite.OISPostRevValidatePrem" tests="4" time="10.281" ignored="9" failures="0" timestamp="23 Feb 2018 04:41:31 GMT" skipped="0" hostname="BAN-PATILSUW10" errors="0">
  <testcase name="premObligationNotExist" time="6.935" classname="ois.testSuite.OISPostRevValidatePrem"/>
  <testcase name="premObligationNotExistnn" time="1.225" classname="ois.testSuite.OISPostRevValidatePrem"/>
  <testcase name="aamValueTypeMisMatch" time="1.082" classname="ois.testSuite.OISPostRevValidatePrem"/>
  <testcase name="labelStockAndPremType01" time="1.039" classname="ois.testSuite.OISPostRevValidatePrem"/>
  <testcase name="tearDown" classname="driver.ApiDriver">
    <skipped/>
  </testcase> <!-- tearDown -->
  <testcase name="tearDown" classname="driver.ApiDriver">
    <skipped/>
  </testcase> <!-- tearDown -->
  <testcase name="logForTestGroups" classname="driver.ApiDriver">
    <skipped/>
  </testcase> <!-- logForTestGroups -->
  <testcase name="logForTestGroups" classname="driver.ApiDriver">
    <skipped/>
  </testcase> <!-- logForTestGroups -->
  <testcase name="startUp" classname="driver.ApiDriver">
    <skipped/>
  </testcase> <!-- startUp -->
  <testcase name="startUp" classname="driver.ApiDriver">
    <skipped/>
  </testcase> <!-- startUp -->
  <testcase name="logForTestGroupsBeforeExecution" classname="driver.ApiDriver">
    <skipped/>
  </testcase> <!-- logForTestGroupsBeforeExecution -->
  <testcase name="logForTestGroupsBeforeExecution" classname="driver.ApiDriver">
    <skipped/>
  </testcase> <!-- logForTestGroupsBeforeExecution -->
  <testcase name="obl_getObligations01" classname="ois.testSuite.OISOblGetObligations">
    <skipped/>
  </testcase> <!-- obl_getObligations01 -->
</testsuite> <!-- ois.testSuite.OISPostRevValidatePrem -->
