<?xml version="1.0" encoding="UTF-8"?>
<!-- Generated by org.testng.reporters.JUnitReportReporter -->
<testsuite name="restAPITestCases01.PostValidateRevenueBundle" tests="5" time="5.580" ignored="2" failures="0" timestamp="01 Feb 2018 09:38:27 GMT" skipped="0" hostname="BAN-PATILSUW10" errors="0">
  <testcase name="invalidterm" time="1.180" classname="restAPITestCases01.PostValidateRevenueBundle"/>
  <testcase name="validResponse" time="1.124" classname="restAPITestCases01.PostValidateRevenueBundle"/>
  <testcase name="revBundleNotwithBulkInd" time="1.054" classname="restAPITestCases01.PostValidateRevenueBundle"/>
  <testcase name="nullInterm" time="1.172" classname="restAPITestCases01.PostValidateRevenueBundle"/>
  <testcase name="invalidBulkInd" time="1.050" classname="restAPITestCases01.PostValidateRevenueBundle"/>
  <testcase name="tearDown" classname="driver.ApiDriver">
    <skipped/>
  </testcase> <!-- tearDown -->
  <testcase name="startUp" classname="driver.ApiDriver">
    <skipped/>
  </testcase> <!-- startUp -->
</testsuite> <!-- restAPITestCases01.PostValidateRevenueBundle -->
