<?xml version="1.0" encoding="UTF-8"?>
<!-- Generated by org.testng.reporters.JUnitReportReporter -->
<testsuite name="restAPITestCases01.ReponseValidation" tests="2" time="5.454" ignored="2" failures="0" timestamp="01 Feb 2018 05:01:48 GMT" skipped="0" hostname="BAN-PATILSUW10" errors="0">
  <testcase name="validateQueryParam" time="4.325" classname="restAPITestCases01.ReponseValidation"/>
  <testcase name="validateQueryParamforRevenue" time="1.129" classname="restAPITestCases01.ReponseValidation"/>
  <testcase name="tearDown" classname="driver.ApiDriver">
    <skipped/>
  </testcase> <!-- tearDown -->
  <testcase name="startUp" classname="driver.ApiDriver">
    <skipped/>
  </testcase> <!-- startUp -->
</testsuite> <!-- restAPITestCases01.ReponseValidation -->
